[0926/185110.934:WARNING:resource_bundle.cc(427)] locale_file_path.empty() for locale 
[0926/185110.937:ERROR:main_delegate.cc(928)] Could not load locale pak for en-US
[0926/185110.997:WARNING:resource_bundle.cc(1063)] locale resources are not loaded
[0926/185110.998:WARNING:resource_bundle.cc(1063)] locale resources are not loaded
[0926/185110.998:WARNING:resource_bundle.cc(1063)] locale resources are not loaded
[0926/185110.998:WARNING:resource_bundle.cc(1063)] locale resources are not loaded
[0926/185110.999:WARNING:resource_bundle.cc(1063)] locale resources are not loaded
[0926/185110.999:WARNING:resource_bundle.cc(1063)] locale resources are not loaded
[0926/185110.999:WARNING:resource_bundle.cc(1063)] locale resources are not loaded
[0926/185111.000:WARNING:resource_bundle.cc(1063)] locale resources are not loaded
[0926/185111.000:WARNING:resource_bundle.cc(1063)] locale resources are not loaded
[0926/185111.000:WARNING:resource_bundle.cc(1063)] locale resources are not loaded
[0926/185111.000:WARNING:resource_bundle.cc(1063)] locale resources are not loaded
[0926/185111.000:WARNING:resource_bundle.cc(1063)] locale resources are not loaded
[0926/185111.000:WARNING:resource_bundle.cc(1063)] locale resources are not loaded
[0926/185111.000:WARNING:resource_bundle.cc(1063)] locale resources are not loaded
[0926/185111.000:WARNING:resource_bundle.cc(1063)] locale resources are not loaded
[0926/185111.000:WARNING:resource_bundle.cc(1063)] locale resources are not loaded
[0926/185111.000:WARNING:resource_bundle.cc(1063)] locale resources are not loaded
[0926/185111.000:WARNING:resource_bundle.cc(1063)] locale resources are not loaded
[0926/185111.000:WARNING:resource_bundle.cc(1063)] locale resources are not loaded
[0926/185111.000:WARNING:resource_bundle.cc(1063)] locale resources are not loaded
[0926/185111.000:WARNING:resource_bundle.cc(1063)] locale resources are not loaded
[0926/185111.000:WARNING:resource_bundle.cc(1063)] locale resources are not loaded
[0926/185111.000:WARNING:resource_bundle.cc(1063)] locale resources are not loaded
[0926/185111.000:WARNING:resource_bundle.cc(1063)] locale resources are not loaded
[0926/185111.001:WARNING:resource_bundle.cc(1063)] locale resources are not loaded
[0926/185111.001:WARNING:resource_bundle.cc(1063)] locale resources are not loaded
[0926/185111.001:WARNING:resource_bundle.cc(1063)] locale resources are not loaded
[0926/185111.001:WARNING:resource_bundle.cc(1063)] locale resources are not loaded
[0926/185111.001:WARNING:resource_bundle.cc(1063)] locale resources are not loaded
[0926/185111.001:WARNING:resource_bundle.cc(1063)] locale resources are not loaded
[0926/185111.001:WARNING:resource_bundle.cc(1063)] locale resources are not loaded
[0926/185111.001:WARNING:resource_bundle.cc(1063)] locale resources are not loaded
[0926/185111.001:WARNING:resource_bundle.cc(1063)] locale resources are not loaded
[0926/185111.001:WARNING:resource_bundle.cc(1063)] locale resources are not loaded
[0926/185111.001:WARNING:resource_bundle.cc(1063)] locale resources are not loaded
[0926/185111.001:WARNING:resource_bundle.cc(1063)] locale resources are not loaded
[0926/185111.001:WARNING:resource_bundle.cc(1063)] locale resources are not loaded
[0926/185111.001:WARNING:resource_bundle.cc(1063)] locale resources are not loaded
[0926/185111.001:WARNING:resource_bundle.cc(1063)] locale resources are not loaded
[0926/185111.001:WARNING:resource_bundle.cc(1063)] locale resources are not loaded
[0926/185111.001:WARNING:resource_bundle.cc(1063)] locale resources are not loaded
[0926/185111.003:WARNING:resource_bundle.cc(1063)] locale resources are not loaded
[0926/185111.003:WARNING:resource_bundle.cc(1063)] locale resources are not loaded
[0926/185111.146:WARNING:resource_bundle.cc(427)] locale_file_path.empty() for locale 
[0926/185111.146:ERROR:main_delegate.cc(928)] Could not load locale pak for en-US
[0926/185111.199:ERROR:viz_main_impl.cc(159)] Exiting GPU process due to errors during initialization
[0926/185111.353:WARNING:resource_bundle.cc(427)] locale_file_path.empty() for locale 
[0926/185111.354:ERROR:main_delegate.cc(928)] Could not load locale pak for en-US
[0926/185111.391:WARNING:resource_bundle.cc(1063)] locale resources are not loaded
[0926/185111.392:WARNING:resource_bundle.cc(1063)] locale resources are not loaded
[0926/185111.522:WARNING:resource_bundle.cc(427)] locale_file_path.empty() for locale 
[0926/185111.522:ERROR:main_delegate.cc(928)] Could not load locale pak for en-US
[0926/185119.640:INFO:CONSOLE(7129)] "Uncaught TypeError: Cannot read property 'match' of null", source: file:///C:/Users/dinhq/OneDrive/M%C3%A1y%20t%C3%ADnh/non/Synapse-X/Synapse-X/bin/ace/ace.js (7129)
[1004/164831.582:WARNING:resource_bundle.cc(427)] locale_file_path.empty() for locale 
[1004/164831.586:ERROR:main_delegate.cc(928)] Could not load locale pak for en-US
[1004/164831.953:WARNING:resource_bundle.cc(1063)] locale resources are not loaded
[1004/164831.964:WARNING:resource_bundle.cc(1063)] locale resources are not loaded
[1004/164831.964:WARNING:resource_bundle.cc(1063)] locale resources are not loaded
[1004/164831.964:WARNING:resource_bundle.cc(1063)] locale resources are not loaded
[1004/164831.966:WARNING:resource_bundle.cc(1063)] locale resources are not loaded
[1004/164831.966:WARNING:resource_bundle.cc(1063)] locale resources are not loaded
[1004/164831.966:WARNING:resource_bundle.cc(1063)] locale resources are not loaded
[1004/164831.966:WARNING:resource_bundle.cc(1063)] locale resources are not loaded
[1004/164831.966:WARNING:resource_bundle.cc(1063)] locale resources are not loaded
[1004/164831.966:WARNING:resource_bundle.cc(1063)] locale resources are not loaded
[1004/164831.966:WARNING:resource_bundle.cc(1063)] locale resources are not loaded
[1004/164831.966:WARNING:resource_bundle.cc(1063)] locale resources are not loaded
[1004/164831.966:WARNING:resource_bundle.cc(1063)] locale resources are not loaded
[1004/164831.966:WARNING:resource_bundle.cc(1063)] locale resources are not loaded
[1004/164831.966:WARNING:resource_bundle.cc(1063)] locale resources are not loaded
[1004/164831.967:WARNING:resource_bundle.cc(1063)] locale resources are not loaded
[1004/164831.967:WARNING:resource_bundle.cc(1063)] locale resources are not loaded
[1004/164831.967:WARNING:resource_bundle.cc(1063)] locale resources are not loaded
[1004/164831.968:WARNING:resource_bundle.cc(1063)] locale resources are not loaded
[1004/164831.968:WARNING:resource_bundle.cc(1063)] locale resources are not loaded
[1004/164831.968:WARNING:resource_bundle.cc(1063)] locale resources are not loaded
[1004/164831.968:WARNING:resource_bundle.cc(1063)] locale resources are not loaded
[1004/164831.968:WARNING:resource_bundle.cc(1063)] locale resources are not loaded
[1004/164831.968:WARNING:resource_bundle.cc(1063)] locale resources are not loaded
[1004/164831.968:WARNING:resource_bundle.cc(1063)] locale resources are not loaded
[1004/164831.968:WARNING:resource_bundle.cc(1063)] locale resources are not loaded
[1004/164831.968:WARNING:resource_bundle.cc(1063)] locale resources are not loaded
[1004/164831.968:WARNING:resource_bundle.cc(1063)] locale resources are not loaded
[1004/164831.968:WARNING:resource_bundle.cc(1063)] locale resources are not loaded
[1004/164831.968:WARNING:resource_bundle.cc(1063)] locale resources are not loaded
[1004/164831.968:WARNING:resource_bundle.cc(1063)] locale resources are not loaded
[1004/164831.968:WARNING:resource_bundle.cc(1063)] locale resources are not loaded
[1004/164831.968:WARNING:resource_bundle.cc(1063)] locale resources are not loaded
[1004/164831.969:WARNING:resource_bundle.cc(1063)] locale resources are not loaded
[1004/164831.969:WARNING:resource_bundle.cc(1063)] locale resources are not loaded
[1004/164831.969:WARNING:resource_bundle.cc(1063)] locale resources are not loaded
[1004/164831.969:WARNING:resource_bundle.cc(1063)] locale resources are not loaded
[1004/164831.969:WARNING:resource_bundle.cc(1063)] locale resources are not loaded
[1004/164831.969:WARNING:resource_bundle.cc(1063)] locale resources are not loaded
[1004/164831.969:WARNING:resource_bundle.cc(1063)] locale resources are not loaded
[1004/164831.970:WARNING:resource_bundle.cc(1063)] locale resources are not loaded
[1004/164831.972:WARNING:resource_bundle.cc(1063)] locale resources are not loaded
[1004/164831.972:WARNING:resource_bundle.cc(1063)] locale resources are not loaded
[1004/164832.430:WARNING:resource_bundle.cc(427)] locale_file_path.empty() for locale 
[1004/164832.430:ERROR:main_delegate.cc(928)] Could not load locale pak for en-US
[1004/164832.507:ERROR:viz_main_impl.cc(159)] Exiting GPU process due to errors during initialization
[1004/164832.967:WARNING:resource_bundle.cc(427)] locale_file_path.empty() for locale 
[1004/164832.968:ERROR:main_delegate.cc(928)] Could not load locale pak for en-US
[1004/164834.345:WARNING:resource_bundle.cc(1063)] locale resources are not loaded
[1004/164834.345:WARNING:resource_bundle.cc(1063)] locale resources are not loaded
[1004/164834.687:WARNING:resource_bundle.cc(427)] locale_file_path.empty() for locale 
[1004/164834.688:ERROR:main_delegate.cc(928)] Could not load locale pak for en-US
